Downloading new consensus...
Connecting to guard node 131.188.40.189:443 authority (gabelmoo)... (Internal dir client)
Creating new circuit #80000001 with 131.188.40.189:443 authority (gabelmoo) router...
Stream #1: creating attached to #80000001 circuit...
Stream #1: connecting to hsdir
Stream #1: connected (remote ip '')
		/tor/status-vote/current/consensus/D586D1+14C131+E8A9C4+ED03BB+0232AF+49015F+EFCBE7+23D15D+27102B.z
Stream #1: remote disconnected (reason = DONE)
Stream #1: closing (state = Disconnected)...
Downloading public keys...
Stream #2: creating attached to #80000001 circuit...
Stream #2: connecting to hsdir
Stream #2: connected (remote ip '')
Stream #2: remote disconnected (reason = DONE)
Stream #2: closing (state = Disconnected)...
Selected node 128.31.0.34:9131 AKA moria1
Selected node 193.23.244.244:80 AKA dannenberg
Selected node 138.68.69.37:80 AKA coral
Connecting to guard node 128.31.0.34:9101 authority (moria1; Tor 0.4.6.0-alpha-dev)... (TorClient)
Creating new circuit #d0626e26 with 128.31.0.34:9101 authority (moria1; Tor 0.4.6.0-alpha-dev) router...
Building 3 hops circuit...
Extending the circuit #d0626e26 with 193.23.244.244:443 authority (dannenberg; Tor 0.4.6.10)...
Getting descriptor for 193.23.244.244:443 authority (dannenberg; Tor 0.4.6.10)...
Stream #3: creating attached to #80000001 circuit...
Stream #3: connecting to hsdir
Stream #3: connected (remote ip '')
Stream #3: remote disconnected (reason = DONE)
Stream #3: closing (state = Disconnected)...
Got descriptor
Extending the circuit #d0626e26 with 138.68.69.37:9001 (coral; Tor 0.4.5.6)...
Getting descriptor for 138.68.69.37:9001 (coral; Tor 0.4.5.6)...
Stream #4: creating attached to #80000001 circuit...
Stream #4: connecting to hsdir
Stream #4: connected (remote ip '')
Stream #4: remote disconnected (reason = DONE)
Stream #4: closing (state = Disconnected)...
Got descriptor
Stream #5: creating attached to #d0626e26 circuit...
Stream #5: connecting to ('example.com', 80)
Stream #5: connected (remote ip '93.184.216.34')
Sending: b'GET / HTTP/1.0\r\nHost: example.com\r\n\r\n' example.com:80
Stream #5: remote disconnected (reason = DONE)
Stream #5: closing (state = Disconnected)...
Closing guard connections (TorClient)...
Destroy circuit #d0626e26
Closing guard connections (Internal dir client)...
Destroy circuit #80000001
response HTTP/1.0 200 OK
Accept-Ranges: bytes
Age: 423652
Cache-Control: max-age=604800
Content-Type: text/html; charset=UTF-8
Date: Mon, 25 Apr 2022 20:02:31 GMT
Etag: "3147526947"
Expires: Mon, 02 May 2022 20:02:31 GMT
Last-Modified: Thu, 17 Oct 2019 07:18:26 GMT
Server: ECS (dcb/7EC9)
Vary: Accept-Encoding
X-Cache: HIT
Content-Length: 1256
Connection: close

<!doctype html>
<html>
<head>
    <title>Example Domain</title>

    <meta charset="utf-8" />
    <meta http-equiv="Content-type" content="text/html; charset=utf-8" />
    <meta name="viewport" content="width=device-width, initial-scale=1" />
    <style type="text/css">
    body {
        background-color: #f0f0f2;
        margin: 0;
        padding: 0;
        font-family: -apple-system, system-ui, BlinkMacSystemFont, "Segoe UI", "Open Sans", "Helvetica Neue", Helvetica, Arial, sans-serif;
        
    }
    div {
        width: 600px;
        margin: 5em auto;
        padding: 2em;
        background-color: #fdfdff;
        border-radius: 0.5em;
        box-shadow: 2px 3px 7px 2px rgba(0,0,0,0.02);
    }
    a:link, a:visited {
        color: #38488f;
        text-decoration: none;
    }
    @media (max-width: 700px) {
        div {
            margin: 0 auto;
            width: auto;
        }
    }
    </style>    
</head>

<body>
<div>
    <h1>Example Domain</h1>
    <p>This domain is for use in illustrative examples in documents. You may use this
    domain in literature without prior coordination or asking for permission.</p>
    <p><a href="https://www.iana.org/domains/example">More information...</a></p>
</div>
</body>
</html>

